<?xml version="1.0" encoding="UTF-8"?>
<!-- Generated by org.testng.reporters.JUnitXMLReporter -->
<testsuite hostname="EPUAKYIW0450" name="NewDemo" tests="1" failures="1" timestamp="12 Mar 2014 16:51:55 GMT" time="49.063" errors="0">
  <testcase name="searchTest" time="35.655" classname="com.epam.webdriver.tests.YaTest">
    <failure type="java.lang.AssertionError" message="Result is not in List expected [true] but found [false]">
      <![CDATA[java.lang.AssertionError: Result is not in List expected [true] but found [false]
	at com.epam.webdriver.tests.YaTest.searchTest(YaTest.java:19)
	at com.intellij.rt.execution.application.AppMain.main(AppMain.java:120)
... Removed 32 stack frames]]>
    </failure>
  </testcase> <!-- searchTest -->
</testsuite> <!-- NewDemo -->
